<?xml version="1.0" encoding="UTF-8"?>
<testng-results ignored="0" total="2" passed="2" failed="0" skipped="0">
  <reporter-output>
  </reporter-output>
  <suite started-at="2022-10-06T10:02:09 IST" name="Default suite" finished-at="2022-10-06T10:02:27 IST" duration-ms="18078">
    <groups>
    </groups>
    <test started-at="2022-10-06T10:02:09 IST" name="Default test" finished-at="2022-10-06T10:02:27 IST" duration-ms="18078">
      <class name="testscripts.TestLeadsPage">
        <test-method is-config="true" signature="prerequisite()[pri:0, instance:testscripts.TestLeadsPage@7c729a55]" started-at="2022-10-06T10:02:09 IST" name="prerequisite" finished-at="2022-10-06T10:02:19 IST" duration-ms="9960" status="PASS">
          <reporter-output>
          </reporter-output>
        </test-method> <!-- prerequisite -->
        <test-method signature="testLeadCreation()[pri:0, instance:testscripts.TestLeadsPage@7c729a55]" started-at="2022-10-06T10:02:19 IST" name="testLeadCreation" finished-at="2022-10-06T10:02:26 IST" duration-ms="6774" status="PASS">
          <reporter-output>
          </reporter-output>
        </test-method> <!-- testLeadCreation -->
        <test-method signature="testLeadDeletion()[pri:0, instance:testscripts.TestLeadsPage@7c729a55]" started-at="2022-10-06T10:02:26 IST" name="testLeadDeletion" finished-at="2022-10-06T10:02:27 IST" depends-on-methods="testscripts.TestLeadsPage.testLeadCreation" duration-ms="1014" status="PASS">
          <reporter-output>
          </reporter-output>
        </test-method> <!-- testLeadDeletion -->
        <test-method is-config="true" signature="tearDown()[pri:0, instance:testscripts.TestLeadsPage@7c729a55]" started-at="2022-10-06T10:02:27 IST" name="tearDown" finished-at="2022-10-06T10:02:27 IST" duration-ms="269" status="PASS">
          <reporter-output>
          </reporter-output>
        </test-method> <!-- tearDown -->
      </class> <!-- testscripts.TestLeadsPage -->
    </test> <!-- Default test -->
  </suite> <!-- Default suite -->
</testng-results>
