<?xml version="1.0" encoding="UTF-8"?>
<!-- Generated by org.testng.reporters.JUnitXMLReporter -->
<testsuite ignored="1" hostname="DESKTOP-LLLGMOJ" failures="0" tests="4" name="testing" time="0.081" errors="0" timestamp="26 Sep 2022 03:46:07 GMT">
  <testcase classname="testngsamples.GroupExamples" name="testCaseFour" time="0.011"/>
  <testcase classname="testngsamples.GroupExamples" name="testCaseOne" time="0.002"/>
  <testcase classname="testngsamples.GroupExamples" name="testCaseThree" time="0.004"/>
  <testcase classname="testngsamples.GroupExamples" name="testCaseTwo" time="0.005"/>
  <testcase classname="testngsamples.GroupExamples" name="testCaseFive" time="0.0">
    <ignored/>
  </testcase> <!-- testCaseFive -->
</testsuite> <!-- testing -->
