<?xml version="1.0" encoding="UTF-8"?>
<!-- Generated by org.testng.reporters.JUnitXMLReporter -->
<testsuite ignored="1" hostname="DESKTOP-LLLGMOJ" failures="0" tests="2" name="Method Test Cases" time="0.056" errors="0" timestamp="26 Sep 2022 04:09:38 GMT">
  <testcase classname="testngsamples.IncludeAndExcludeTestMethods" name="addLocationTestCase" time="0.011"/>
  <testcase classname="testngsamples.IncludeAndExcludeTestMethods" name="addDepartmentTestCase" time="0.002"/>
  <testcase classname="testngsamples.IncludeAndExcludeTestMethods" name="addEmployeeTestCase" time="0.0">
    <ignored/>
  </testcase> <!-- addEmployeeTestCase -->
</testsuite> <!-- Method Test Cases -->
