<?xml version="1.0" encoding="UTF-8"?>
<!-- Generated by org.testng.reporters.JUnitXMLReporter -->
<testsuite ignored="0" hostname="DESKTOP-LLLGMOJ" failures="0" tests="4" name="Test 1" time="0.094" errors="0" timestamp="26 Sep 2022 04:23:35 GMT">
  <testcase classname="testngsamples.TestParallelClassOne" name="testCaseOne" time="0.021"/>
  <testcase classname="testngsamples.TestParallelClassTwo" name="testCaseFour" time="0.021"/>
  <testcase classname="testngsamples.TestParallelClassTwo" name="testCaseThree" time="0.004"/>
  <testcase classname="testngsamples.TestParallelClassOne" name="testCaseTwo" time="0.004"/>
</testsuite> <!-- Test 1 -->
