<?xml version="1.0" encoding="UTF-8"?>
<!-- Generated by org.testng.reporters.JUnitXMLReporter -->
<testsuite ignored="0" hostname="DESKTOP-LLLGMOJ" failures="0" tests="4" name="Testing Parameterization" time="9.125" errors="0" timestamp="26 Sep 2022 03:51:42 GMT">
  <testcase classname="testngsamples.Parameterization" name="testCaseOne" time="0.011"/>
  <testcase classname="testngsamples.Parameterization" name="testCaseThree" time="0.01"/>
  <testcase classname="testngsamples.Parameterization" name="testCaseTwo" time="0.004"/>
  <testcase classname="testngsamples.Parameterization" name="testLoginOfVtiger" time="9.034"/>
</testsuite> <!-- Testing Parameterization -->
